{"numTotalTestSuites":6,"numPassedTestSuites":4,"numFailedTestSuites":2,"numPendingTestSuites":0,"numTotalTests":5,"numPassedTests":3,"numFailedTests":2,"numPendingTests":0,"numTodoTests":0,"snapshot":{"added":0,"failure":false,"filesAdded":0,"filesRemoved":0,"filesRemovedList":[],"filesUnmatched":0,"filesUpdated":0,"matched":0,"total":0,"unchecked":0,"uncheckedKeysByFile":[],"unmatched":0,"updated":0,"didUpdate":false},"startTime":1763735609742,"success":false,"testResults":[{"assertionResults":[{"ancestorTitles":["ChatPage"],"fullName":"ChatPage renders customer list and allows selecting a customer","status":"failed","title":"renders customer list and allows selecting a customer","duration":1168.7291999999998,"failureMessages":["Error: Found multiple elements with the text: Hi\n\nHere are the matching elements:\n\nIgnored nodes: comments, script, style\n\u001b[36m<p\u001b[39m\n  \u001b[33mclass\u001b[39m=\u001b[32m\"text-sm text-muted-foreground truncate\"\u001b[39m\n\u001b[36m>\u001b[39m\n  \u001b[0mHi\u001b[0m\n\u001b[36m</p>\u001b[39m\n\nIgnored nodes: comments, script, style\n\u001b[36m<p\u001b[39m\n  \u001b[33mclass\u001b[39m=\u001b[32m\"text-sm\"\u001b[39m\n\u001b[36m>\u001b[39m\n  \u001b[0mHi\u001b[0m\n\u001b[36m</p>\u001b[39m\n\n(If this is intentional, then use the `*AllBy*` variant of the query (like `queryAllByText`, `getAllByText`, or `findAllByText`)).\n\nIgnored nodes: comments, script, style\n\u001b[36m<body>\u001b[39m\n  \u001b[36m<div>\u001b[39m\n    \u001b[36m<div\u001b[39m\n      \u001b[33mclass\u001b[39m=\u001b[32m\"flex h-[calc(100vh-4rem)] overflow-hidden rounded-lg shadow-xl backdrop-blur-sm bg-surface/[0.6] border border-surface-foreground/[0.06]\"\u001b[39m\n      \u001b[33mstyle\u001b[39m=\u001b[32m\"opacity: 1; transform: none;\"\u001b[39m\n    \u001b[36m>\u001b[39m\n      \u001b[36m<div\u001b[39m\n        \u001b[33mclass\u001b[39m=\u001b[32m\"hidden md:flex w-80 bg-card border-r border-border flex-col\"\u001b[39m\n      \u001b[36m>\u001b[39m\n        \u001b[36m<div\u001b[39m\n          \u001b[33mclass\u001b[39m=\u001b[32m\"flex h-full flex-col bg-card/50 backdrop-blur-sm\"\u001b[39m\n        \u001b[36m>\u001b[39m\n          \u001b[36m<div\u001b[39m\n            \u001b[33mclass\u001b[39m=\u001b[32m\"p-3 border-b border-border/50\"\u001b[39m\n          \u001b[36m>\u001b[39m\n            \u001b[36m<input\u001b[39m\n              \u001b[33mclass\u001b[39m=\u001b[32m\"flex h-10 rounded-md border px-3 py-2 text-base ring-offset-background file:border-0 file:bg-transparent file:text-sm file:font-medium file:text-foreground placeholder:text-muted-foreground focus-visible:outline-none focus-visible:ring-2 focus-visible:ring-offset-2 disabled:cursor-not-allowed disabled:opacity-50 md:text-sm w-full bg-background/50 border-border/50 focus-visible:ring-primary\"\u001b[39m\n              \u001b[33mplaceholder\u001b[39m=\u001b[32m\"Search customers...\"\u001b[39m\n              \u001b[33mvalue\u001b[39m=\u001b[32m\"\"\u001b[39m\n            \u001b[36m/>\u001b[39m\n          \u001b[36m</div>\u001b[39m\n          \u001b[36m<div\u001b[39m\n            \u001b[33mclass\u001b[39m=\u001b[32m\"flex-1 overflow-y-auto p-3 space-y-2\"\u001b[39m\n          \u001b[36m>\u001b[39m\n            \u001b[36m<div\u001b[39m\n              \u001b[33mclass\u001b[39m=\u001b[32m\"flex items-center gap-3 p-2 rounded-lg cursor-pointer transition-all duration-200 relative hover:bg-accent/10 hover:text-accent-foreground bg-accent/20 text-accent-foreground font-medium border-l-4 border-primary\"\u001b[39m\n              \u001b[33mtabindex\u001b[39m=\u001b[32m\"0\"\u001b[39m\n            \u001b[36m>\u001b[39m\n              \u001b[36m<div\u001b[39m\n                \u001b[33mclass\u001b[39m=\u001b[32m\"relative\"\u001b[39m\n              \u001b[36m>\u001b[39m\n                \u001b[36m<span\u001b[39m\n                  \u001b[33mclass\u001b[39m=\u001b[32m\"relative flex shrink-0 overflow-hidden rounded-full h-10 w-10 border border-border/50\"\u001b[39m\n                \u001b[36m>\u001b[39m\n                  \u001b[36m<span\u001b[39m\n                    \u001b[33mclass\u001b[39m=\u001b[32m\"flex h-full w-full items-center justify-center rounded-full bg-muted\"\u001b[39m\n                  \u001b[36m>\u001b[39m\n                    \u001b[0mA\u001b[0m\n                  \u001b[36m</span>\u001b[39m\n                \u001b[36m</span>\u001b[39m\n                \u001b[36m<span\u001b[39m\n                  \u001b[33mclass\u001b[39m=\u001b[32m\"absolute bottom-0 right-0 block h-3 w-3 rounded-full bg-green-500 ring-2 ring-background\"\u001b[39m\n                \u001b[36m/>\u001b[39m\n              \u001b[36m</div>\u001b[39m\n              \u001b[36m<div\u001b[39m\n                \u001b[33mclass\u001b[39m=\u001b[32m\"flex-1 overflow-hidden\"\u001b[39m\n              \u001b[36m>\u001b[39m\n                \u001b[36m<div\u001b[39m\n                  \u001b[33mclass\u001b[39m=\u001b[32m\"flex items-center justify-between\"\u001b[39m\n                \u001b[36m>\u001b[39m\n                  \u001b[36m<p\u001b[39m\n                    \u001b[33mclass\u001b[39m=\u001b[32m\"font-medium text-sm truncate\"\u001b[39m\n                  \u001b[36m>\u001b[39m\n                    \u001b[0mAlice Smith\u001b[0m\n                  \u001b[36m</p>\u001b[39m\n                  \u001b[36m<span\u001b[39m\n                    \u001b[33mclass\u001b[39m=\u001b[32m\"text-xs text-muted-foreground\"\u001b[39m\n                  \u001b[36m>\u001b[39m\n                    \u001b[0m03:30 pm\u001b[0m\n                  \u001b[36m</span>\u001b[39m\n                \u001b[36m</div>\u001b[39m\n                \u001b[36m<div\u001b[39m\n                  \u001b[33mclass\u001b[39m=\u001b[32m\"flex items-center justify-between\"\u001b[39m\n                \u001b[36m>\u001b[39m\n                  \u001b[36m<p\u001b[39m\n                    \u001b[33mclass\u001b[39m=\u001b[32m\"text-sm text-muted-foreground truncate\"\u001b[39m\n                  \u001b[36m>\u001b[39m\n                    \u001b[0mHi\u001b[0m\n                  \u001b[36m</p>\u001b[39m\n                \u001b[36m</div>\u001b[39m\n              \u001b[36m</div>\u001b[39m\n            \u001b[36m</div>\u001b[39m\n            \u001b[36m<div\u001b[39m\n              \u001b[33mclass\u001b[39m=\u001b[32m\"flex items-center gap-3 p-2 rounded-lg cursor-pointer transition-all duration-200 relative hover:bg-accent/10 hover:text-accent-foreground\"\u001b[39m\n              \u001b[33mtabindex\u001b[39m=\u001b[32m\"0\"\u001b[39m\n            \u001b[36m>\u001b[39m\n              \u001b[36m<div\u001b[39m\n                \u001b[33mclass\u001b[39m=\u001b[32m\"relative\"\u001b[39m\n              \u001b[36m>\u001b[39m\n                \u001b[36m<span\u001b[39m\n                  \u001b[33mclass\u001b[39m=\u001b[32m\"relative flex shrink-0 overflow-hidden rounded-full h-10 w-10 border border-border/50\"\u001b[39m\n                \u001b[36m>\u001b[39m\n                  \u001b[36m<span\u001b[39m\n                    \u001b[33mclass\u001b[39m=\u001b[32m\"flex h-full w-full items-center justify-center rounded-full bg-muted\"\u001b[39m\n                  \u001b[36m>\u001b[39m\n                    \u001b[0mB\u001b[0m\n                  \u001b[36m</span>\u001b[39m\n                \u001b[36m</span>\u001b[39m\n              \u001b[36m</div>\u001b[39m\n              \u001b[36m<div\u001b[39m\n                \u001b[33mclass\u001b[39m=\u001b[32m\"flex-1 overflow-hidden\"\u001b[39m\n              \u001b[36m>\u001b[39m\n                \u001b[36m<div\u001b[39m\n                  \u001b[33mclass\u001b[39m=\u001b[32m\"flex items-center justify-between\"\u001b[39m\n                \u001b[36m>\u001b[39m\n                  \u001b[36m<p\u001b[39m\n                    \u001b[33mclass\u001b[39m=\u001b[32m\"font-medium text-sm truncate\"\u001b[39m\n                  \u001b[36m>\u001b[39m\n                    \u001b[0mBob Johnson\u001b[0m\n                  \u001b[36m</p>\u001b[39m\n                  \u001b[36m<span\u001b[39m\n                    \u001b[33mclass\u001b[39m=\u001b[32m\"text-xs text-muted-foreground\"\u001b[39m\n                  \u001b[36m>\u001b[39m\n                    \u001b[0m09:00 pm\u001b[0m\n                  \u001b[36m</span>\u001b[39m\n                \u001b[36m</div>\u001b[39m\n                \u001b[36m<div\u001b[39m\n                  \u001b[33mclass\u001b[39m=\u001b[32m\"flex items-center justify-between\"\u001b[39m\n                \u001b[36m>\u001b[39m\n                  \u001b[36m<p\u001b[39m\n                    \u001b[33mclass\u001b[39m=\u001b[32m\"text-sm text-muted-foreground truncate\"\u001b[39m\n                  \u001b[36m>\u001b[39m\n                    \u001b[0mHello\u001b[0m\n                  \u001b[36m</p>\u001b[39m\n                \u001b[36m</div>\u001b[39m\n              \u001b[36m</div>\u001b[39m\n            \u001b[36m</div>\u001b[39m\n          \u001b[36m</div>\u001b[39m\n        \u001b[36m</div>\u001b[39m\n      \u001b[36m</div>\u001b[39m\n      \u001b[36m<div\u001b[39m\n        \u001b[33mclass\u001b[39m=\u001b[32m\"flex md:hidden items-center p-3 border-b bg-card\"\u001b[39m\n      \u001b[36m>\u001b[39m\n        \u001b[36m<button\u001b[39m\n          \u001b[33maria-controls\u001b[39m=\u001b[32m\"radix-:r0:\"\u001b[39m\n          \u001b[33maria-expanded\u001b[39m=\u001b[32m\"false\"\u001b[39m\n          \u001b[33maria-haspopup\u001b[39m=\u001b[32m\"dialog\"\u001b[39m\n          \u001b[33mclass\u001b[39m=\u001b[32m\"inline-flex items-center justify-center gap-2 whitespace-nowrap rounded-md text-sm font-medium ring-offset-background transition-all duration-300 ease-in-out focus-visible:outline-none focus-visible:ring-2 focus-visible:ring-ring focus-visible:ring-offset-2 disabled:pointer-events-none disabled:opacity-50 [&_svg]:pointer-events-none [&_svg]:size-4 [&_svg]:shrink-0 transform hover:scale-105 hover:shadow-lg hover:bg-accent hover:text-accent-foreground h-10 w-10 mr-2\"\u001b[39m\n          \u001b[33mdata-state\u001b[39m=\u001b[32m\"closed\"\u001b[39m\n          \u001b[33mtype\u001b[39m=\u001b[32m\"button\"\u001b[39m\n        \u001b[36m>\u001b[39m\n          \u001b[36m<svg\u001b[39m\n            \u001b[33mclass\u001b[39m=\u001b[32m\"lucide lucide-menu h-5 w-5\"\u001b[39m\n            \u001b[33mfill\u001b[39m=\u001b[32m\"none\"\u001b[39m\n            \u001b[33mheight\u001b[39m=\u001b[32m\"2...\n    at Proxy.waitForWrapper (C:\\PROJECTS\\SRM HACKATHON\\PRO-TECHT\\node_modules\\@testing-library\\dom\\dist\\wait-for.js:163:27)\n    at C:\\PROJECTS\\SRM HACKATHON\\PRO-TECHT\\src\\features\\chat\\ChatPage.test.tsx:61:11\n    at file:///C:/PROJECTS/SRM%20HACKATHON/PRO-TECHT/node_modules/@vitest/runner/dist/chunk-hooks.js:752:20"],"meta":{}},{"ancestorTitles":["ChatPage"],"fullName":"ChatPage sends a message and displays it optimistically","status":"failed","title":"sends a message and displays it optimistically","duration":226.86619999999994,"failureMessages":["TestingLibraryElementError: Found multiple elements with the text: Test message\n\nHere are the matching elements:\n\nIgnored nodes: comments, script, style\n\u001b[36m<p\u001b[39m\n  \u001b[33mclass\u001b[39m=\u001b[32m\"text-sm\"\u001b[39m\n\u001b[36m>\u001b[39m\n  \u001b[0mTest message\u001b[0m\n\u001b[36m</p>\u001b[39m\n\nIgnored nodes: comments, script, style\n\u001b[36m<textarea\u001b[39m\n  \u001b[33mclass\u001b[39m=\u001b[32m\"flex w-full border px-3 py-2 text-sm ring-offset-background placeholder:text-muted-foreground focus-visible:outline-none focus-visible:ring-2 focus-visible:ring-offset-2 disabled:cursor-not-allowed disabled:opacity-50 max-h-[100px] min-h-[40px] flex-1 resize-none bg-background/50 border-border/50 focus-visible:ring-primary rounded-lg shadow-inner\"\u001b[39m\n  \u001b[33mplaceholder\u001b[39m=\u001b[32m\"Type your message...\"\u001b[39m\n  \u001b[33mstyle\u001b[39m=\u001b[32m\"height: 0px;\"\u001b[39m\n\u001b[36m>\u001b[39m\n  \u001b[0mTest message\u001b[0m\n\u001b[36m</textarea>\u001b[39m\n\n(If this is intentional, then use the `*AllBy*` variant of the query (like `queryAllByText`, `getAllByText`, or `findAllByText`)).\n\nIgnored nodes: comments, script, style\n\u001b[36m<body>\u001b[39m\n  \u001b[36m<div>\u001b[39m\n    \u001b[36m<div\u001b[39m\n      \u001b[33mclass\u001b[39m=\u001b[32m\"flex h-[calc(100vh-4rem)] overflow-hidden rounded-lg shadow-xl backdrop-blur-sm bg-surface/[0.6] border border-surface-foreground/[0.06]\"\u001b[39m\n      \u001b[33mstyle\u001b[39m=\u001b[32m\"opacity: 0.0334146227396559; transform: translateY(19.331707545206882px);\"\u001b[39m\n    \u001b[36m>\u001b[39m\n      \u001b[36m<div\u001b[39m\n        \u001b[33mclass\u001b[39m=\u001b[32m\"hidden md:flex w-80 bg-card border-r border-border flex-col\"\u001b[39m\n      \u001b[36m>\u001b[39m\n        \u001b[36m<div\u001b[39m\n          \u001b[33mclass\u001b[39m=\u001b[32m\"flex h-full flex-col bg-card/50 backdrop-blur-sm\"\u001b[39m\n        \u001b[36m>\u001b[39m\n          \u001b[36m<div\u001b[39m\n            \u001b[33mclass\u001b[39m=\u001b[32m\"p-3 border-b border-border/50\"\u001b[39m\n          \u001b[36m>\u001b[39m\n            \u001b[36m<input\u001b[39m\n              \u001b[33mclass\u001b[39m=\u001b[32m\"flex h-10 rounded-md border px-3 py-2 text-base ring-offset-background file:border-0 file:bg-transparent file:text-sm file:font-medium file:text-foreground placeholder:text-muted-foreground focus-visible:outline-none focus-visible:ring-2 focus-visible:ring-offset-2 disabled:cursor-not-allowed disabled:opacity-50 md:text-sm w-full bg-background/50 border-border/50 focus-visible:ring-primary\"\u001b[39m\n              \u001b[33mplaceholder\u001b[39m=\u001b[32m\"Search customers...\"\u001b[39m\n              \u001b[33mvalue\u001b[39m=\u001b[32m\"\"\u001b[39m\n            \u001b[36m/>\u001b[39m\n          \u001b[36m</div>\u001b[39m\n          \u001b[36m<div\u001b[39m\n            \u001b[33mclass\u001b[39m=\u001b[32m\"flex-1 overflow-y-auto p-3 space-y-2\"\u001b[39m\n          \u001b[36m>\u001b[39m\n            \u001b[36m<div\u001b[39m\n              \u001b[33mclass\u001b[39m=\u001b[32m\"flex items-center gap-3 p-2 rounded-lg cursor-pointer transition-all duration-200 relative hover:bg-accent/10 hover:text-accent-foreground bg-accent/20 text-accent-foreground font-medium border-l-4 border-primary\"\u001b[39m\n              \u001b[33mtabindex\u001b[39m=\u001b[32m\"0\"\u001b[39m\n            \u001b[36m>\u001b[39m\n              \u001b[36m<div\u001b[39m\n                \u001b[33mclass\u001b[39m=\u001b[32m\"relative\"\u001b[39m\n              \u001b[36m>\u001b[39m\n                \u001b[36m<span\u001b[39m\n                  \u001b[33mclass\u001b[39m=\u001b[32m\"relative flex shrink-0 overflow-hidden rounded-full h-10 w-10 border border-border/50\"\u001b[39m\n                \u001b[36m>\u001b[39m\n                  \u001b[36m<span\u001b[39m\n                    \u001b[33mclass\u001b[39m=\u001b[32m\"flex h-full w-full items-center justify-center rounded-full bg-muted\"\u001b[39m\n                  \u001b[36m>\u001b[39m\n                    \u001b[0mA\u001b[0m\n                  \u001b[36m</span>\u001b[39m\n                \u001b[36m</span>\u001b[39m\n                \u001b[36m<span\u001b[39m\n                  \u001b[33mclass\u001b[39m=\u001b[32m\"absolute bottom-0 right-0 block h-3 w-3 rounded-full bg-green-500 ring-2 ring-background\"\u001b[39m\n                \u001b[36m/>\u001b[39m\n              \u001b[36m</div>\u001b[39m\n              \u001b[36m<div\u001b[39m\n                \u001b[33mclass\u001b[39m=\u001b[32m\"flex-1 overflow-hidden\"\u001b[39m\n              \u001b[36m>\u001b[39m\n                \u001b[36m<div\u001b[39m\n                  \u001b[33mclass\u001b[39m=\u001b[32m\"flex items-center justify-between\"\u001b[39m\n                \u001b[36m>\u001b[39m\n                  \u001b[36m<p\u001b[39m\n                    \u001b[33mclass\u001b[39m=\u001b[32m\"font-medium text-sm truncate\"\u001b[39m\n                  \u001b[36m>\u001b[39m\n                    \u001b[0mAlice Smith\u001b[0m\n                  \u001b[36m</p>\u001b[39m\n                  \u001b[36m<span\u001b[39m\n                    \u001b[33mclass\u001b[39m=\u001b[32m\"text-xs text-muted-foreground\"\u001b[39m\n                  \u001b[36m>\u001b[39m\n                    \u001b[0m03:30 pm\u001b[0m\n                  \u001b[36m</span>\u001b[39m\n                \u001b[36m</div>\u001b[39m\n                \u001b[36m<div\u001b[39m\n                  \u001b[33mclass\u001b[39m=\u001b[32m\"flex items-center justify-between\"\u001b[39m\n                \u001b[36m>\u001b[39m\n                  \u001b[36m<p\u001b[39m\n                    \u001b[33mclass\u001b[39m=\u001b[32m\"text-sm text-muted-foreground truncate\"\u001b[39m\n                  \u001b[36m>\u001b[39m\n                    \u001b[0mHi\u001b[0m\n                  \u001b[36m</p>\u001b[39m\n                \u001b[36m</div>\u001b[39m\n              \u001b[36m</div>\u001b[39m\n            \u001b[36m</div>\u001b[39m\n            \u001b[36m<div\u001b[39m\n              \u001b[33mclass\u001b[39m=\u001b[32m\"flex items-center gap-3 p-2 rounded-lg cursor-pointer transition-all duration-200 relative hover:bg-accent/10 hover:text-accent-foreground\"\u001b[39m\n              \u001b[33mtabindex\u001b[39m=\u001b[32m\"0\"\u001b[39m\n            \u001b[36m>\u001b[39m\n              \u001b[36m<div\u001b[39m\n                \u001b[33mclass\u001b[39m=\u001b[32m\"relative\"\u001b[39m\n              \u001b[36m>\u001b[39m\n                \u001b[36m<span\u001b[39m\n                  \u001b[33mclass\u001b[39m=\u001b[32m\"relative flex shrink-0 overflow-hidden rounded-full h-10 w-10 border border-border/50\"\u001b[39m\n                \u001b[36m>\u001b[39m\n                  \u001b[36m<span\u001b[39m\n                    \u001b[33mclass\u001b[39m=\u001b[32m\"flex h-full w-full items-center justify-center rounded-full bg-muted\"\u001b[39m\n                  \u001b[36m>\u001b[39m\n                    \u001b[0mB\u001b[0m\n                  \u001b[36m</span>\u001b[39m\n                \u001b[36m</span>\u001b[39m\n              \u001b[36m</div>\u001b[39m\n              \u001b[36m<div\u001b[39m\n                \u001b[33mclass\u001b[39m=\u001b[32m\"flex-1 overflow-hidden\"\u001b[39m\n              \u001b[36m>\u001b[39m\n                \u001b[36m<div\u001b[39m\n                  \u001b[33mclass\u001b[39m=\u001b[32m\"flex items-center justify-between\"\u001b[39m\n                \u001b[36m>\u001b[39m\n                  \u001b[36m<p\u001b[39m\n                    \u001b[33mclass\u001b[39m=\u001b[32m\"font-medium text-sm truncate\"\u001b[39m\n                  \u001b[36m>\u001b[39m\n                    \u001b[0mBob Johnson\u001b[0m\n                  \u001b[36m</p>\u001b[39m\n                  \u001b[36m<span\u001b[39m\n                    \u001b[33mclass\u001b[39m=\u001b[32m\"text-xs text-muted-foreground\"\u001b[39m\n                  \u001b[36m>\u001b[39m\n                    \u001b[0m09:00 pm\u001b[0m\n                  \u001b[36m</span>\u001b[39m\n                \u001b[36m</div>\u001b[39m\n                \u001b[36m<div\u001b[39m\n                  \u001b[33mclass\u001b[39m=\u001b[32m\"flex items-center justify-between\"\u001b[39m\n                \u001b[36m>\u001b[39m\n                  \u001b[36m<p\u001b[39m\n                    \u001b[33mclass\u001b[39m=\u001b[32m\"text-sm text-muted-foreground truncate\"\u001b[39m\n                  \u001b[36m>\u001b[39m\n                    \u001b[0mHello\u001b[0m\n                  \u001b[36m</p>\u001b[39m\n                \u001b[36m</div>\u001b[39m\n              \u001b[36m</div>\u001b[39m\n            \u001b[36m</div>\u001b[39m\n          \u001b[36m</div>\u001b[39m\n        \u001b[36m</div>\u001b[39m\n      \u001b[36m</div>\u001b[39m\n      \u001b[36m<div\u001b[39m\n        \u001b[33mclass\u001b[39m=\u001b[32m\"flex md:hidden items-center p-3 border-b bg-card\"\u001b[39m\n      \u001b[36m>\u001b[39m\n        \u001b[36m<button\u001b[39m\n          \u001b[33maria-controls\u001b[39m=\u001b[32m\"radix-:r3:\"\u001b[39m\n          \u001b[33maria-expanded\u001b[39m=\u001b[32m\"false\"\u001b[39m\n          \u001b[33maria-haspopup\u001b[39m=\u001b[32m\"dialog\"\u001b[39m\n          \u001b[33mclass\u001b[39m=\u001b[32m\"inline-flex items-center justify-center gap-2 whitespace-nowrap rounded-md text-sm font-medium ring-offset-background transition-all duration-300 ease-in-out focus-visible:outline-none focus-visible:ring-2 focus-visible:ring-ring focus-visible:ring-offset-2 disabled:pointer-events-none disabled:opacity-50 [&_svg]:pointer-events-none [&_svg]:size-4 [&_svg]:shrink-0 transform hover:scale-105 hover:shadow-lg hover:bg-accent hover:text-accent-foreground h-10 w-10 mr-2\"\u001b[39m\n          \u001b[33mdata-state\u001b[39m=\u001b[32m\"closed\"\u001b[39m\n          \u001b[33mtype\u001b[39m=\u001b[32m\"button\"\u001b[39m\n        \u001b[36m>\u001b[39m\n          \u001b[36m<svg\u001b[39m\n            \u001b[33mclass\u001b[39m=\u001b[32m\"lucide lucide-menu h-5 w-5\"\u001b[39m\n            \u001b[33mfill\u001b[39m=\u001b[32m\"no...\n    at Object.getElementError (C:\\PROJECTS\\SRM HACKATHON\\PRO-TECHT\\node_modules\\@testing-library\\dom\\dist\\config.js:37:19)\n    at getElementError (C:\\PROJECTS\\SRM HACKATHON\\PRO-TECHT\\node_modules\\@testing-library\\dom\\dist\\query-helpers.js:20:35)\n    at getMultipleElementsFoundError (C:\\PROJECTS\\SRM HACKATHON\\PRO-TECHT\\node_modules\\@testing-library\\dom\\dist\\query-helpers.js:23:10)\n    at C:\\PROJECTS\\SRM HACKATHON\\PRO-TECHT\\node_modules\\@testing-library\\dom\\dist\\query-helpers.js:55:13\n    at C:\\PROJECTS\\SRM HACKATHON\\PRO-TECHT\\node_modules\\@testing-library\\dom\\dist\\query-helpers.js:95:19\n    at C:\\PROJECTS\\SRM HACKATHON\\PRO-TECHT\\src\\features\\chat\\ChatPage.test.tsx:91:19\n    at file:///C:/PROJECTS/SRM%20HACKATHON/PRO-TECHT/node_modules/@vitest/runner/dist/chunk-hooks.js:752:20"],"meta":{}}],"startTime":1763735612159,"endTime":1763735613554.8662,"status":"failed","message":"","name":"C:/PROJECTS/SRM HACKATHON/PRO-TECHT/src/features/chat/ChatPage.test.tsx"},{"assertionResults":[{"ancestorTitles":["HomePage"],"fullName":"HomePage renders the login button","status":"passed","title":"renders the login button","duration":329.54089999999997,"failureMessages":[],"meta":{}}],"startTime":1763735611833,"endTime":1763735612162.541,"status":"passed","message":"","name":"C:/PROJECTS/SRM HACKATHON/PRO-TECHT/src/pages/__tests__/HomePage.test.tsx"},{"assertionResults":[{"ancestorTitles":["DetailsPanel"],"fullName":"DetailsPanel renders product name and customer email","status":"passed","title":"renders product name and customer email","duration":143.7536,"failureMessages":[],"meta":{}},{"ancestorTitles":["DetailsPanel"],"fullName":"DetailsPanel adds a private note optimistically and updates UI","status":"passed","title":"adds a private note optimistically and updates UI","duration":325.7953000000002,"failureMessages":[],"meta":{}}],"startTime":1763735612128,"endTime":1763735612597.7954,"status":"passed","message":"","name":"C:/PROJECTS/SRM HACKATHON/PRO-TECHT/src/features/chat/DetailsPanel/DetailsPanel.test.tsx"}]}